# JRE version: Java(TM) SE Runtime Environment (17.0.12+8) (build 17.0.12+8-LTS-286)
# Java VM: Java HotSpot(TM) 64-Bit Server VM (17.0.12+8-LTS-286, mixed mode, sharing, tiered, compressed oops, compressed class ptrs, g1 gc, windows-amd64)
GC Precious Log:
 CPUs: 8 total, 8 available
 Memory: 15912M
 Large Page Support: Disabled
 NUMA Support: Disabled
 Compressed Oops: Enabled (32-bit)
 Heap Region Size: 1M
 Heap Min Capacity: 256M
 Heap Initial Capacity: 256M
 Heap Max Capacity: 512M
 Pre-touch: Disabled
 Parallel Workers: 8
 Concurrent Workers: 2
 Concurrent Refinement Workers: 8
 Periodic GC: Disabled
Heap:
 garbage-first heap   total 273408K, used 156003K [0x00000000e0000000, 0x0000000100000000)
  region size 1024K, 19 young (19456K), 2 survivors (2048K)
 Metaspace       used 83600K, committed 86144K, reserved 458752K
  class space    used 10997K, committed 11840K, reserved 327680K
GC Heap History (20 events):
Event: 22450.024 GC heap before
{Heap before GC invocations=32 (full 0):
 garbage-first heap   total 262144K, used 202752K [0x00000000e0000000, 0x0000000100000000)
  region size 1024K, 63 young (64512K), 2 survivors (2048K)
 Metaspace       used 82698K, committed 83840K, reserved 458752K
  class space    used 11051K, committed 11648K, reserved 327680K
}
Event: 22450.032 GC heap after
{Heap after GC invocations=33 (full 0):
 garbage-first heap   total 262144K, used 145821K [0x00000000e0000000, 0x0000000100000000)
  region size 1024K, 8 young (8192K), 8 survivors (8192K)
 Metaspace       used 82698K, committed 83840K, reserved 458752K
  class space    used 11051K, committed 11648K, reserved 327680K
}
Event: 22450.392 GC heap before
{Heap before GC invocations=34 (full 0):
 garbage-first heap   total 262144K, used 201117K [0x00000000e0000000, 0x0000000100000000)
  region size 1024K, 67 young (68608K), 8 survivors (8192K)
 Metaspace       used 83178K, committed 84224K, reserved 458752K
  class space    used 11108K, committed 11648K, reserved 327680K
}
Event: 22450.403 GC heap after
{Heap after GC invocations=35 (full 0):
 garbage-first heap   total 262144K, used 142281K [0x00000000e0000000, 0x0000000100000000)
  region size 1024K, 2 young (2048K), 2 survivors (2048K)
 Metaspace       used 83178K, committed 84224K, reserved 458752K
  class space    used 11108K, committed 11648K, reserved 327680K
}
Event: 22450.427 GC heap before
{Heap before GC invocations=35 (full 0):
 garbage-first heap   total 262144K, used 152521K [0x00000000e0000000, 0x0000000100000000)
  region size 1024K, 12 young (12288K), 2 survivors (2048K)
 Metaspace       used 83196K, committed 84224K, reserved 458752K
  class space    used 11108K, committed 11648K, reserved 327680K
}
Event: 22450.437 GC heap after
{Heap after GC invocations=36 (full 0):
 garbage-first heap   total 262144K, used 132111K [0x00000000e0000000, 0x0000000100000000)
  region size 1024K, 1 young (1024K), 1 survivors (1024K)
 Metaspace       used 83196K, committed 84224K, reserved 458752K
  class space    used 11108K, committed 11648K, reserved 327680K
}
Event: 22450.830 GC heap before
{Heap before GC invocations=36 (full 0):
 garbage-first heap   total 262144K, used 206863K [0x00000000e0000000, 0x0000000100000000)
  region size 1024K, 74 young (75776K), 1 survivors (1024K)
 Metaspace       used 84102K, committed 84992K, reserved 458752K
  class space    used 11247K, committed 11648K, reserved 327680K
}
Event: 22450.835 GC heap after
{Heap after GC invocations=37 (full 0):
 garbage-first heap   total 273408K, used 134756K [0x00000000e0000000, 0x0000000100000000)
  region size 1024K, 4 young (4096K), 4 survivors (4096K)
 Metaspace       used 84102K, committed 84992K, reserved 458752K
  class space    used 11247K, committed 11648K, reserved 327680K
}
Event: 22451.070 GC heap before
{Heap before GC invocations=38 (full 0):
 garbage-first heap   total 273408K, used 218724K [0x00000000e0000000, 0x0000000100000000)
  region size 1024K, 86 young (88064K), 4 survivors (4096K)
 Metaspace       used 84184K, committed 85056K, reserved 458752K
  class space    used 11248K, committed 11648K, reserved 327680K
}
Event: 22451.074 GC heap after
{Heap after GC invocations=39 (full 0):
 garbage-first heap   total 273408K, used 135007K [0x00000000e0000000, 0x0000000100000000)
  region size 1024K, 4 young (4096K), 4 survivors (4096K)
 Metaspace       used 84184K, committed 85056K, reserved 458752K
  class space    used 11248K, committed 11648K, reserved 327680K
}
Event: 22451.094 GC heap before
{Heap before GC invocations=39 (full 0):
 garbage-first heap   total 273408K, used 144223K [0x00000000e0000000, 0x0000000100000000)
  region size 1024K, 13 young (13312K), 4 survivors (4096K)
 Metaspace       used 84186K, committed 85056K, reserved 458752K
  class space    used 11248K, committed 11648K, reserved 327680K
}
Event: 22451.101 GC heap after
{Heap after GC invocations=40 (full 0):
 garbage-first heap   total 273408K, used 134129K [0x00000000e0000000, 0x0000000100000000)
  region size 1024K, 2 young (2048K), 2 survivors (2048K)
 Metaspace       used 84186K, committed 85056K, reserved 458752K
  class space    used 11248K, committed 11648K, reserved 327680K
}
Event: 22451.545 GC heap before
{Heap before GC invocations=40 (full 0):
 garbage-first heap   total 273408K, used 223217K [0x00000000e0000000, 0x0000000100000000)
  region size 1024K, 89 young (91136K), 2 survivors (2048K)
 Metaspace       used 84848K, committed 85760K, reserved 458752K
  class space    used 11288K, committed 11712K, reserved 327680K
}
Event: 22451.551 GC heap after
{Heap after GC invocations=41 (full 0):
 garbage-first heap   total 273408K, used 138552K [0x00000000e0000000, 0x0000000100000000)
  region size 1024K, 7 young (7168K), 7 survivors (7168K)
 Metaspace       used 84848K, committed 85760K, reserved 458752K
  class space    used 11288K, committed 11712K, reserved 327680K
}
Event: 22452.983 GC heap before
{Heap before GC invocations=42 (full 0):
 garbage-first heap   total 273408K, used 223544K [0x00000000e0000000, 0x0000000100000000)
  region size 1024K, 90 young (92160K), 7 survivors (7168K)
 Metaspace       used 86452K, committed 87424K, reserved 458752K
  class space    used 11404K, committed 11840K, reserved 327680K
}
Event: 22452.995 GC heap after
{Heap after GC invocations=43 (full 0):
 garbage-first heap   total 273408K, used 141829K [0x00000000e0000000, 0x0000000100000000)
  region size 1024K, 10 young (10240K), 10 survivors (10240K)
 Metaspace       used 86452K, committed 87424K, reserved 458752K
  class space    used 11404K, committed 11840K, reserved 327680K
}
Event: 22453.157 GC heap before
{Heap before GC invocations=43 (full 0):
 garbage-first heap   total 273408K, used 143877K [0x00000000e0000000, 0x0000000100000000)
  region size 1024K, 13 young (13312K), 10 survivors (10240K)
 Metaspace       used 86455K, committed 87424K, reserved 458752K
  class space    used 11404K, committed 11840K, reserved 327680K
}
Event: 22453.177 GC heap after
{Heap after GC invocations=44 (full 0):
 garbage-first heap   total 273408K, used 141495K [0x00000000e0000000, 0x0000000100000000)
  region size 1024K, 2 young (2048K), 2 survivors (2048K)
 Metaspace       used 86455K, committed 87424K, reserved 458752K
  class space    used 11404K, committed 11840K, reserved 327680K
}
Event: 29097.419 GC heap before
{Heap before GC invocations=44 (full 0):
 garbage-first heap   total 273408K, used 223415K [0x00000000e0000000, 0x0000000100000000)
  region size 1024K, 83 young (84992K), 2 survivors (2048K)
 Metaspace       used 86653K, committed 87552K, reserved 458752K
  class space    used 11435K, committed 11840K, reserved 327680K
}
Event: 29097.421 GC heap after
{Heap after GC invocations=45 (full 0):
 garbage-first heap   total 273408K, used 140826K [0x00000000e0000000, 0x0000000100000000)
  region size 1024K, 2 young (2048K), 2 survivors (2048K)
 Metaspace       used 86653K, committed 87552K, reserved 458752K
  class space    used 11435K, committed 11840K, reserved 327680K
}

